<?xml version="1.0" encoding="UTF-8"?>
<testsuite name="desarrollo.parcial_backend.ParcialBackEndApplicationTests" tests="1" skipped="0" failures="0" errors="0" timestamp="2023-10-11T02:09:40" hostname="DESKTOP-VDLOFNQ" time="1.489">
  <properties/>
  <testcase name="contextLoads()" classname="desarrollo.parcial_backend.ParcialBackEndApplicationTests" time="1.489"/>
  <system-out><![CDATA[23:09:19.444 [Test worker] INFO org.springframework.test.context.support.AnnotationConfigContextLoaderUtils -- Could not detect default configuration classes for test class [desarrollo.parcial_backend.ParcialBackEndApplicationTests]: ParcialBackEndApplicationTests does not declare any static, non-private, non-final, nested classes annotated with @Configuration.
23:09:19.859 [Test worker] INFO org.springframework.boot.test.context.SpringBootTestContextBootstrapper -- Found @SpringBootConfiguration desarrollo.parcial_backend.ParcialBackEndApplication for test class desarrollo.parcial_backend.ParcialBackEndApplicationTests

  .   ____          _            __ _ _
 /\\ / ___'_ __ _ _(_)_ __  __ _ \ \ \ \
( ( )\___ | '_ | '_| | '_ \/ _` | \ \ \ \
 \\/  ___)| |_)| | | | | || (_| |  ) ) ) )
  '  |____| .__|_| |_|_| |_\__, | / / / /
 =========|_|==============|___/=/_/_/_/
 :: Spring Boot ::                (v3.1.4)

2023-10-10T23:09:21.115-03:00  INFO 15116 --- [    Test worker] d.p.ParcialBackEndApplicationTests       : Starting ParcialBackEndApplicationTests using Java 17.0.8 with PID 15116 (started by molla in E:\Escritorio\utn\3ro once again\2DO CUATRIMESTRE\DESARROLLO DE SOFTWARE\Noche\BACKEND\Parcial_BackEnd)
2023-10-10T23:09:21.120-03:00  INFO 15116 --- [    Test worker] d.p.ParcialBackEndApplicationTests       : No active profile set, falling back to 1 default profile: "default"
2023-10-10T23:09:24.901-03:00  INFO 15116 --- [    Test worker] .s.d.r.c.RepositoryConfigurationDelegate : Bootstrapping Spring Data JPA repositories in DEFAULT mode.
2023-10-10T23:09:25.270-03:00  INFO 15116 --- [    Test worker] .s.d.r.c.RepositoryConfigurationDelegate : Finished Spring Data repository scanning in 335 ms. Found 5 JPA repository interfaces.
2023-10-10T23:09:28.116-03:00  INFO 15116 --- [    Test worker] o.hibernate.jpa.internal.util.LogHelper  : HHH000204: Processing PersistenceUnitInfo [name: default]
2023-10-10T23:09:28.324-03:00  INFO 15116 --- [    Test worker] org.hibernate.Version                    : HHH000412: Hibernate ORM core version 6.2.9.Final
2023-10-10T23:09:28.336-03:00  INFO 15116 --- [    Test worker] org.hibernate.cfg.Environment            : HHH000406: Using bytecode reflection optimizer
2023-10-10T23:09:28.919-03:00  INFO 15116 --- [    Test worker] o.h.b.i.BytecodeProviderInitiator        : HHH000021: Bytecode provider name : bytebuddy
2023-10-10T23:09:29.543-03:00  INFO 15116 --- [    Test worker] o.s.o.j.p.SpringPersistenceUnitInfo      : No LoadTimeWeaver setup: ignoring JPA class transformer
2023-10-10T23:09:29.588-03:00  INFO 15116 --- [    Test worker] com.zaxxer.hikari.HikariDataSource       : HikariPool-1 - Starting...
2023-10-10T23:09:30.133-03:00  INFO 15116 --- [    Test worker] com.zaxxer.hikari.pool.HikariPool        : HikariPool-1 - Added connection conn0: url=jdbc:h2:mem:./bd_ParcialBackEnd user=ADMIN
2023-10-10T23:09:30.137-03:00  INFO 15116 --- [    Test worker] com.zaxxer.hikari.HikariDataSource       : HikariPool-1 - Start completed.
2023-10-10T23:09:31.126-03:00  INFO 15116 --- [    Test worker] o.h.b.i.BytecodeProviderInitiator        : HHH000021: Bytecode provider name : bytebuddy
2023-10-10T23:09:34.139-03:00  INFO 15116 --- [    Test worker] o.h.e.t.j.p.i.JtaPlatformInitiator       : HHH000490: Using JtaPlatform implementation: [org.hibernate.engine.transaction.jta.platform.internal.NoJtaPlatform]
Hibernate: create table autor (id bigint generated by default as identity, apellido varchar(255), biografia varchar(1500), nombre varchar(255), primary key (id))
Hibernate: create table domicilios (id bigint generated by default as identity, calle varchar(255), numero integer not null, fk_producto bigint not null, primary key (id))
Hibernate: create table fk_persona (persona_id bigint not null, libros_id bigint not null)
Hibernate: create table libros (id bigint generated by default as identity, fecha integer not null, genero varchar(255), paginas integer not null, titulo varchar(255), primary key (id))
Hibernate: create table libros_autores (libro_id bigint not null, autores_id bigint not null)
Hibernate: create table localidad (id bigint generated by default as identity, denominacion varchar(255), primary key (id))
Hibernate: create table persona (id bigint generated by default as identity, apellido varchar(255), dni integer, nombre varchar(255), fk_domicilio bigint, primary key (id))
Hibernate: alter table if exists fk_persona drop constraint if exists UK_bwfhvf9q538j3j0nlqivgu1q3
Hibernate: alter table if exists fk_persona add constraint UK_bwfhvf9q538j3j0nlqivgu1q3 unique (libros_id)
Hibernate: alter table if exists persona drop constraint if exists UK_tf82o8p6mim2vdcl7kh56jltw
Hibernate: alter table if exists persona add constraint UK_tf82o8p6mim2vdcl7kh56jltw unique (fk_domicilio)
Hibernate: alter table if exists domicilios add constraint FK7kyt6bn4uy5nx2xntq7jltltr foreign key (fk_producto) references localidad
Hibernate: alter table if exists fk_persona add constraint FK6cmto47mq0uut0ibq6se39xkd foreign key (libros_id) references libros
Hibernate: alter table if exists fk_persona add constraint FK4d5oc3kljotp00jybqvg5gegi foreign key (persona_id) references persona
Hibernate: alter table if exists libros_autores add constraint FKc1m2p1et6c19b47cq03cdsdft foreign key (autores_id) references autor
Hibernate: alter table if exists libros_autores add constraint FKrhvgul28krs4exivf7skies1k foreign key (libro_id) references libros
Hibernate: alter table if exists persona add constraint FK4kg8nvb490qbbk762f7xxpvg6 foreign key (fk_domicilio) references domicilios
2023-10-10T23:09:34.362-03:00  INFO 15116 --- [    Test worker] j.LocalContainerEntityManagerFactoryBean : Initialized JPA EntityManagerFactory for persistence unit 'default'
2023-10-10T23:09:35.973-03:00  INFO 15116 --- [    Test worker] o.s.d.j.r.query.QueryEnhancerFactory     : Hibernate is in classpath; If applicable, HQL parser will be used.
2023-10-10T23:09:38.625-03:00  WARN 15116 --- [    Test worker] JpaBaseConfiguration$JpaWebConfiguration : spring.jpa.open-in-view is enabled by default. Therefore, database queries may be performed during view rendering. Explicitly configure spring.jpa.open-in-view to disable this warning
2023-10-10T23:09:40.736-03:00  INFO 15116 --- [    Test worker] o.s.b.a.h2.H2ConsoleAutoConfiguration    : H2 console available at '/h2-console'. Database available at 'jdbc:h2:mem:./bd_ParcialBackEnd'
2023-10-10T23:09:40.866-03:00  INFO 15116 --- [    Test worker] d.p.ParcialBackEndApplicationTests       : Started ParcialBackEndApplicationTests in 20.522 seconds (process running for 22.931)
]]></system-out>
  <system-err><![CDATA[]]></system-err>
</testsuite>
